<?xml version="1.0" encoding="UTF-8"?>
<!-- Generated by org.testng.reporters.JUnitReportReporter -->
<testsuite hostname="Purusharth-HP-Pro" failures="0" tests="1" name="com.tail.Trail1" time="0.037" errors="0" timestamp="25 Feb 2021 09:22:59 GMT" skipped="0">
  <testcase classname="com.tail.Trail1" name="test" time="0.037"/>
</testsuite> <!-- com.tail.Trail1 -->
