<?xml version="1.0" encoding="UTF-8"?>
<!-- Generated by org.testng.reporters.JUnitReportReporter -->
<testsuite hostname="Purusharth-HP-Pro" failures="0" tests="1" name="com.tail.Trail1" time="0.036" errors="0" timestamp="25 Feb 2021 09:52:52 GMT" skipped="0">
  <testcase classname="com.tail.Trail1" name="test" time="0.036"/>
</testsuite> <!-- com.tail.Trail1 -->
